<?xml version="1.0" encoding="UTF-8"?>
<testng-results ignored="0" total="10" passed="10" failed="0" skipped="0">
  <reporter-output>
  </reporter-output>
  <suite started-at="2024-02-09T01:59:17 EST" name="Default suite" finished-at="2024-02-09T02:00:46 EST" duration-ms="89701">
    <groups>
      <group name="cucumber">
        <method signature="AbstractTestNGCucumberTests.runScenario(io.cucumber.testng.PickleWrapper,io.cucumber.testng.FeatureWrapper)[pri:0, instance:testrunner.TestRunner@128d2484]" name="runScenario" class="io.cucumber.testng.AbstractTestNGCucumberTests"/>
      </group> <!-- cucumber -->
    </groups>
    <test started-at="2024-02-09T01:59:17 EST" name="Default test" finished-at="2024-02-09T02:00:46 EST" duration-ms="89701">
      <class name="testrunner.TestRunner">
        <test-method is-config="true" signature="setUpClass(org.testng.ITestContext)[pri:0, instance:testrunner.TestRunner@128d2484]" started-at="2024-02-09T01:59:17 EST" name="setUpClass" finished-at="2024-02-09T01:59:18 EST" duration-ms="1362" status="PASS">
          <params>
            <param index="0">
              <value>
                <![CDATA[org.testng.TestRunner@39d8d89]]>
              </value>
            </param>
          </params>
          <reporter-output>
          </reporter-output>
        </test-method> <!-- setUpClass -->
        <test-method signature="runScenario(io.cucumber.testng.PickleWrapper,io.cucumber.testng.FeatureWrapper)[pri:0, instance:testrunner.TestRunner@128d2484]" started-at="2024-02-09T01:59:18 EST" name="runScenario" description="Runs Cucumber Scenarios" data-provider="scenarios" finished-at="2024-02-09T01:59:35 EST" duration-ms="16842" status="PASS">
          <params>
            <param index="0">
              <value>
                <![CDATA["Array"]]>
              </value>
            </param>
            <param index="1">
              <value>
                <![CDATA["Arrays"]]>
              </value>
            </param>
          </params>
          <reporter-output>
          </reporter-output>
        </test-method> <!-- runScenario -->
        <test-method signature="runScenario(io.cucumber.testng.PickleWrapper,io.cucumber.testng.FeatureWrapper)[pri:0, instance:testrunner.TestRunner@128d2484]" started-at="2024-02-09T01:59:35 EST" name="runScenario" description="Runs Cucumber Scenarios" data-provider="scenarios" finished-at="2024-02-09T01:59:41 EST" duration-ms="6564" status="PASS">
          <params>
            <param index="0">
              <value>
                <![CDATA["Graph"]]>
              </value>
            </param>
            <param index="1">
              <value>
                <![CDATA["Graph"]]>
              </value>
            </param>
          </params>
          <reporter-output>
          </reporter-output>
        </test-method> <!-- runScenario -->
        <test-method signature="runScenario(io.cucumber.testng.PickleWrapper,io.cucumber.testng.FeatureWrapper)[pri:0, instance:testrunner.TestRunner@128d2484]" started-at="2024-02-09T01:59:41 EST" name="runScenario" description="Runs Cucumber Scenarios" data-provider="scenarios" finished-at="2024-02-09T01:59:51 EST" duration-ms="10068" status="PASS">
          <params>
            <param index="0">
              <value>
                <![CDATA["HomePage Validation"]]>
              </value>
            </param>
            <param index="1">
              <value>
                <![CDATA["LinkList"]]>
              </value>
            </param>
          </params>
          <reporter-output>
          </reporter-output>
        </test-method> <!-- runScenario -->
        <test-method signature="runScenario(io.cucumber.testng.PickleWrapper,io.cucumber.testng.FeatureWrapper)[pri:0, instance:testrunner.TestRunner@128d2484]" started-at="2024-02-09T01:59:51 EST" name="runScenario" description="Runs Cucumber Scenarios" data-provider="scenarios" finished-at="2024-02-09T01:59:59 EST" duration-ms="7804" status="PASS">
          <params>
            <param index="0">
              <value>
                <![CDATA["Queue Page"]]>
              </value>
            </param>
            <param index="1">
              <value>
                <![CDATA["QUEUE"]]>
              </value>
            </param>
          </params>
          <reporter-output>
          </reporter-output>
        </test-method> <!-- runScenario -->
        <test-method signature="runScenario(io.cucumber.testng.PickleWrapper,io.cucumber.testng.FeatureWrapper)[pri:0, instance:testrunner.TestRunner@128d2484]" started-at="2024-02-09T01:59:59 EST" name="runScenario" description="Runs Cucumber Scenarios" data-provider="scenarios" finished-at="2024-02-09T02:00:06 EST" duration-ms="7114" status="PASS">
          <params>
            <param index="0">
              <value>
                <![CDATA["Stack"]]>
              </value>
            </param>
            <param index="1">
              <value>
                <![CDATA["Stack"]]>
              </value>
            </param>
          </params>
          <reporter-output>
          </reporter-output>
        </test-method> <!-- runScenario -->
        <test-method signature="runScenario(io.cucumber.testng.PickleWrapper,io.cucumber.testng.FeatureWrapper)[pri:0, instance:testrunner.TestRunner@128d2484]" started-at="2024-02-09T02:00:06 EST" name="runScenario" description="Runs Cucumber Scenarios" data-provider="scenarios" finished-at="2024-02-09T02:00:21 EST" duration-ms="14519" status="PASS">
          <params>
            <param index="0">
              <value>
                <![CDATA["Tree Flow"]]>
              </value>
            </param>
            <param index="1">
              <value>
                <![CDATA["Tree"]]>
              </value>
            </param>
          </params>
          <reporter-output>
          </reporter-output>
        </test-method> <!-- runScenario -->
        <test-method signature="runScenario(io.cucumber.testng.PickleWrapper,io.cucumber.testng.FeatureWrapper)[pri:0, instance:testrunner.TestRunner@128d2484]" started-at="2024-02-09T02:00:21 EST" name="runScenario" description="Runs Cucumber Scenarios" data-provider="scenarios" finished-at="2024-02-09T02:00:26 EST" duration-ms="5410" status="PASS">
          <params>
            <param index="0">
              <value>
                <![CDATA["Data Structures - Introduction"]]>
              </value>
            </param>
            <param index="1">
              <value>
                <![CDATA["Datastructures"]]>
              </value>
            </param>
          </params>
          <reporter-output>
          </reporter-output>
        </test-method> <!-- runScenario -->
        <test-method signature="runScenario(io.cucumber.testng.PickleWrapper,io.cucumber.testng.FeatureWrapper)[pri:0, instance:testrunner.TestRunner@128d2484]" started-at="2024-02-09T02:00:26 EST" name="runScenario" description="Runs Cucumber Scenarios" data-provider="scenarios" finished-at="2024-02-09T02:00:31 EST" duration-ms="4309" status="PASS">
          <params>
            <param index="0">
              <value>
                <![CDATA["Home Page"]]>
              </value>
            </param>
            <param index="1">
              <value>
                <![CDATA["dsalgo project"]]>
              </value>
            </param>
          </params>
          <reporter-output>
          </reporter-output>
        </test-method> <!-- runScenario -->
        <test-method signature="runScenario(io.cucumber.testng.PickleWrapper,io.cucumber.testng.FeatureWrapper)[pri:0, instance:testrunner.TestRunner@128d2484]" started-at="2024-02-09T02:00:31 EST" name="runScenario" description="Runs Cucumber Scenarios" data-provider="scenarios" finished-at="2024-02-09T02:00:36 EST" duration-ms="5066" status="PASS">
          <params>
            <param index="0">
              <value>
                <![CDATA["Register DSalgo portal"]]>
              </value>
            </param>
            <param index="1">
              <value>
                <![CDATA["dsalgo project"]]>
              </value>
            </param>
          </params>
          <reporter-output>
          </reporter-output>
        </test-method> <!-- runScenario -->
        <test-method signature="runScenario(io.cucumber.testng.PickleWrapper,io.cucumber.testng.FeatureWrapper)[pri:0, instance:testrunner.TestRunner@128d2484]" started-at="2024-02-09T02:00:36 EST" name="runScenario" description="Runs Cucumber Scenarios" data-provider="scenarios" finished-at="2024-02-09T02:00:41 EST" duration-ms="5175" status="PASS">
          <params>
            <param index="0">
              <value>
                <![CDATA["SigningIn portal"]]>
              </value>
            </param>
            <param index="1">
              <value>
                <![CDATA["dsalgo project"]]>
              </value>
            </param>
          </params>
          <reporter-output>
          </reporter-output>
        </test-method> <!-- runScenario -->
        <test-method is-config="true" signature="tearDownClass()[pri:0, instance:testrunner.TestRunner@128d2484]" started-at="2024-02-09T02:00:41 EST" name="tearDownClass" finished-at="2024-02-09T02:00:46 EST" duration-ms="5412" status="PASS">
          <reporter-output>
          </reporter-output>
        </test-method> <!-- tearDownClass -->
      </class> <!-- testrunner.TestRunner -->
    </test> <!-- Default test -->
  </suite> <!-- Default suite -->
</testng-results>
