<?xml version="1.0" encoding="UTF-8"?>
<testng-results ignored="0" total="10" passed="10" failed="0" skipped="0">
  <reporter-output>
  </reporter-output>
  <suite started-at="2024-02-02T20:24:34 EST" name="Default suite" finished-at="2024-02-02T20:27:04 EST" duration-ms="150225">
    <groups>
      <group name="cucumber">
        <method signature="AbstractTestNGCucumberTests.runScenario(io.cucumber.testng.PickleWrapper,io.cucumber.testng.FeatureWrapper)[pri:0, instance:testrunner.TestRunner@57a3af25]" name="runScenario" class="io.cucumber.testng.AbstractTestNGCucumberTests"/>
      </group> <!-- cucumber -->
    </groups>
    <test started-at="2024-02-02T20:24:34 EST" name="Default test" finished-at="2024-02-02T20:27:04 EST" duration-ms="150225">
      <class name="testrunner.TestRunner">
        <test-method is-config="true" signature="setUpClass(org.testng.ITestContext)[pri:0, instance:testrunner.TestRunner@57a3af25]" started-at="2024-02-02T20:24:34 EST" name="setUpClass" finished-at="2024-02-02T20:24:35 EST" duration-ms="1072" status="PASS">
          <params>
            <param index="0">
              <value>
                <![CDATA[org.testng.TestRunner@4b6a7362]]>
              </value>
            </param>
          </params>
          <reporter-output>
          </reporter-output>
        </test-method> <!-- setUpClass -->
        <test-method signature="runScenario(io.cucumber.testng.PickleWrapper,io.cucumber.testng.FeatureWrapper)[pri:0, instance:testrunner.TestRunner@57a3af25]" started-at="2024-02-02T20:24:35 EST" name="runScenario" description="Runs Cucumber Scenarios" data-provider="scenarios" finished-at="2024-02-02T20:25:02 EST" duration-ms="26450" status="PASS">
          <params>
            <param index="0">
              <value>
                <![CDATA["Array"]]>
              </value>
            </param>
            <param index="1">
              <value>
                <![CDATA["Arrays"]]>
              </value>
            </param>
          </params>
          <reporter-output>
          </reporter-output>
        </test-method> <!-- runScenario -->
        <test-method signature="runScenario(io.cucumber.testng.PickleWrapper,io.cucumber.testng.FeatureWrapper)[pri:0, instance:testrunner.TestRunner@57a3af25]" started-at="2024-02-02T20:25:02 EST" name="runScenario" description="Runs Cucumber Scenarios" data-provider="scenarios" finished-at="2024-02-02T20:25:11 EST" duration-ms="9456" status="PASS">
          <params>
            <param index="0">
              <value>
                <![CDATA["Graph"]]>
              </value>
            </param>
            <param index="1">
              <value>
                <![CDATA["Graph"]]>
              </value>
            </param>
          </params>
          <reporter-output>
          </reporter-output>
        </test-method> <!-- runScenario -->
        <test-method signature="runScenario(io.cucumber.testng.PickleWrapper,io.cucumber.testng.FeatureWrapper)[pri:0, instance:testrunner.TestRunner@57a3af25]" started-at="2024-02-02T20:25:11 EST" name="runScenario" description="Runs Cucumber Scenarios" data-provider="scenarios" finished-at="2024-02-02T20:25:33 EST" duration-ms="21928" status="PASS">
          <params>
            <param index="0">
              <value>
                <![CDATA["HomePage Validation"]]>
              </value>
            </param>
            <param index="1">
              <value>
                <![CDATA["LinkList"]]>
              </value>
            </param>
          </params>
          <reporter-output>
          </reporter-output>
        </test-method> <!-- runScenario -->
        <test-method signature="runScenario(io.cucumber.testng.PickleWrapper,io.cucumber.testng.FeatureWrapper)[pri:0, instance:testrunner.TestRunner@57a3af25]" started-at="2024-02-02T20:25:33 EST" name="runScenario" description="Runs Cucumber Scenarios" data-provider="scenarios" finished-at="2024-02-02T20:25:49 EST" duration-ms="15544" status="PASS">
          <params>
            <param index="0">
              <value>
                <![CDATA["Queue Page"]]>
              </value>
            </param>
            <param index="1">
              <value>
                <![CDATA["QUEUE"]]>
              </value>
            </param>
          </params>
          <reporter-output>
          </reporter-output>
        </test-method> <!-- runScenario -->
        <test-method signature="runScenario(io.cucumber.testng.PickleWrapper,io.cucumber.testng.FeatureWrapper)[pri:0, instance:testrunner.TestRunner@57a3af25]" started-at="2024-02-02T20:25:49 EST" name="runScenario" description="Runs Cucumber Scenarios" data-provider="scenarios" finished-at="2024-02-02T20:26:00 EST" duration-ms="11846" status="PASS">
          <params>
            <param index="0">
              <value>
                <![CDATA["Stack"]]>
              </value>
            </param>
            <param index="1">
              <value>
                <![CDATA["Stack"]]>
              </value>
            </param>
          </params>
          <reporter-output>
          </reporter-output>
        </test-method> <!-- runScenario -->
        <test-method signature="runScenario(io.cucumber.testng.PickleWrapper,io.cucumber.testng.FeatureWrapper)[pri:0, instance:testrunner.TestRunner@57a3af25]" started-at="2024-02-02T20:26:01 EST" name="runScenario" description="Runs Cucumber Scenarios" data-provider="scenarios" finished-at="2024-02-02T20:26:38 EST" duration-ms="37460" status="PASS">
          <params>
            <param index="0">
              <value>
                <![CDATA["Tree Flow"]]>
              </value>
            </param>
            <param index="1">
              <value>
                <![CDATA["Tree"]]>
              </value>
            </param>
          </params>
          <reporter-output>
          </reporter-output>
        </test-method> <!-- runScenario -->
        <test-method signature="runScenario(io.cucumber.testng.PickleWrapper,io.cucumber.testng.FeatureWrapper)[pri:0, instance:testrunner.TestRunner@57a3af25]" started-at="2024-02-02T20:26:38 EST" name="runScenario" description="Runs Cucumber Scenarios" data-provider="scenarios" finished-at="2024-02-02T20:26:46 EST" duration-ms="7985" status="PASS">
          <params>
            <param index="0">
              <value>
                <![CDATA["Data Structures - Introduction"]]>
              </value>
            </param>
            <param index="1">
              <value>
                <![CDATA["Datastructures"]]>
              </value>
            </param>
          </params>
          <reporter-output>
          </reporter-output>
        </test-method> <!-- runScenario -->
        <test-method signature="runScenario(io.cucumber.testng.PickleWrapper,io.cucumber.testng.FeatureWrapper)[pri:0, instance:testrunner.TestRunner@57a3af25]" started-at="2024-02-02T20:26:46 EST" name="runScenario" description="Runs Cucumber Scenarios" data-provider="scenarios" finished-at="2024-02-02T20:26:50 EST" duration-ms="4544" status="PASS">
          <params>
            <param index="0">
              <value>
                <![CDATA["Home Page"]]>
              </value>
            </param>
            <param index="1">
              <value>
                <![CDATA["dsalgo project"]]>
              </value>
            </param>
          </params>
          <reporter-output>
          </reporter-output>
        </test-method> <!-- runScenario -->
        <test-method signature="runScenario(io.cucumber.testng.PickleWrapper,io.cucumber.testng.FeatureWrapper)[pri:0, instance:testrunner.TestRunner@57a3af25]" started-at="2024-02-02T20:26:50 EST" name="runScenario" description="Runs Cucumber Scenarios" data-provider="scenarios" finished-at="2024-02-02T20:26:56 EST" duration-ms="5953" status="PASS">
          <params>
            <param index="0">
              <value>
                <![CDATA["Register DSalgo portal"]]>
              </value>
            </param>
            <param index="1">
              <value>
                <![CDATA["dsalgo project"]]>
              </value>
            </param>
          </params>
          <reporter-output>
          </reporter-output>
        </test-method> <!-- runScenario -->
        <test-method signature="runScenario(io.cucumber.testng.PickleWrapper,io.cucumber.testng.FeatureWrapper)[pri:0, instance:testrunner.TestRunner@57a3af25]" started-at="2024-02-02T20:26:56 EST" name="runScenario" description="Runs Cucumber Scenarios" data-provider="scenarios" finished-at="2024-02-02T20:27:02 EST" duration-ms="5565" status="PASS">
          <params>
            <param index="0">
              <value>
                <![CDATA["SigningIn portal"]]>
              </value>
            </param>
            <param index="1">
              <value>
                <![CDATA["dsalgo project"]]>
              </value>
            </param>
          </params>
          <reporter-output>
          </reporter-output>
        </test-method> <!-- runScenario -->
        <test-method is-config="true" signature="tearDownClass()[pri:0, instance:testrunner.TestRunner@57a3af25]" started-at="2024-02-02T20:27:02 EST" name="tearDownClass" finished-at="2024-02-02T20:27:04 EST" duration-ms="2341" status="PASS">
          <reporter-output>
          </reporter-output>
        </test-method> <!-- tearDownClass -->
      </class> <!-- testrunner.TestRunner -->
    </test> <!-- Default test -->
  </suite> <!-- Default suite -->
</testng-results>
